<?xml version="1.0" encoding="UTF-8"?>
<!-- Generated by org.testng.reporters.JUnitReportReporter -->
<testsuite hostname="TechAviator-PC" name="Scenario_Component.Scenario_Search" tests="2" failures="0" timestamp="21 Jan 2017 05:54:31 GMT" time="89.921" errors="0">
  <testcase name="testInvalidSearch" time="46.903" classname="Scenario_Component.Scenario_Search"/>
  <testcase name="testInvalidSearch" time="43.018" classname="Scenario_Component.Scenario_Search"/>
</testsuite> <!-- Scenario_Component.Scenario_Search -->
